<?xml version="1.0" encoding="UTF-8"?>
<!-- Generated by org.testng.reporters.JUnitXMLReporter -->
<testsuite hostname="kiran-PC" ignored="0" name="smoke" tests="8" failures="2" timestamp="02 Nov 2022 04:39:27 GMT" time="618.579" errors="0">
  <testcase name="verify_InvalidLogin_AlertMessage" time="4.653" classname="com.supermarket.tests.LoginTest">
    <failure type="java.lang.AssertionError" message="This testcase failed expected [Alert!] but found [×
Alert!
Invalid Username/Password]">
      <![CDATA[java.lang.AssertionError: This testcase failed expected [Alert!] but found [×
Alert!
Invalid Username/Password]
	at com.supermarket.tests.LoginTest.verify_InvalidLogin_AlertMessage(LoginTest.java:28)
	at java.util.concurrent.FutureTask.run(Unknown Source)
	at java.util.concurrent.ThreadPoolExecutor.runWorker(Unknown Source)
	at java.util.concurrent.ThreadPoolExecutor$Worker.run(Unknown Source)
	at java.lang.Thread.run(Unknown Source)
... Removed 21 stack frames]]>
    </failure>
  </testcase> <!-- verify_InvalidLogin_AlertMessage -->
  <testcase name="verify_Login" time="2.418" classname="com.supermarket.tests.LoginTest"/>
  <testcase name="verify_RememeberMeCheckBox" time="1.088" classname="com.supermarket.tests.LoginTest"/>
  <testcase name="create_PushNotificationDataByDataproviderclass" time="20.635" classname="com.supermarket.tests.PushNotificationTest"/>
  <testcase name="create_PushNotificationDataByDataproviderclass" time="9.752" classname="com.supermarket.tests.PushNotificationTest"/>
  <testcase name="verify_ColorOfSendButton" time="9.386" classname="com.supermarket.tests.PushNotificationTest"/>
  <testcase name="verify_PushNotification" time="10.544" classname="com.supermarket.tests.PushNotificationTest">
    <failure type="org.openqa.selenium.NoSuchElementException" message="Unable to find element with locator By.xpath: //input[@id=&amp;apos;title&amp;apos;]
For documentation on this error, please visit: https://selenium.dev/exceptions/#no_such_element
Build info: version: &amp;apos;4.3.0&amp;apos;, revision: &amp;apos;a4995e2c09*&amp;apos;
System info: host: &amp;apos;KIRAN-PC&amp;apos;, ip: &amp;apos;192.168.43.158&amp;apos;, os.name: &amp;apos;Windows 10&amp;apos;, os.arch: &amp;apos;amd64&amp;apos;, os.version: &amp;apos;10.0&amp;apos;, java.version: &amp;apos;1.8.0_202&amp;apos;
Driver info: driver.version: RemoteWebDriver">
      <![CDATA[org.openqa.selenium.NoSuchElementException: Unable to find element with locator By.xpath: //input[@id='title']
For documentation on this error, please visit: https://selenium.dev/exceptions/#no_such_element
Build info: version: '4.3.0', revision: 'a4995e2c09*'
System info: host: 'KIRAN-PC', ip: '192.168.43.158', os.name: 'Windows 10', os.arch: 'amd64', os.version: '10.0', java.version: '1.8.0_202'
Driver info: driver.version: RemoteWebDriver
	at org.openqa.selenium.remote.ElementLocation$ElementFinder$2.findElement(ElementLocation.java:165)
	at org.openqa.selenium.remote.ElementLocation.findElement(ElementLocation.java:60)
	at org.openqa.selenium.remote.RemoteWebDriver.findElement(RemoteWebDriver.java:387)
	at org.openqa.selenium.remote.RemoteWebDriver.findElement(RemoteWebDriver.java:379)
	at org.openqa.selenium.support.pagefactory.DefaultElementLocator.findElement(DefaultElementLocator.java:70)
	at org.openqa.selenium.support.pagefactory.internal.LocatingElementHandler.invoke(LocatingElementHandler.java:39)
	at com.sun.proxy.$Proxy16.sendKeys(Unknown Source)
	at com.supermarket.pages.PushNotificationPage.enter_TitleField(PushNotificationPage.java:36)
	at com.supermarket.pages.PushNotificationPage.get_SuccessAlertMessage(PushNotificationPage.java:46)
	at com.supermarket.tests.PushNotificationTest.verify_PushNotification(PushNotificationTest.java:47)
	at java.util.concurrent.FutureTask.run(Unknown Source)
	at java.util.concurrent.ThreadPoolExecutor.runWorker(Unknown Source)
	at java.util.concurrent.ThreadPoolExecutor$Worker.run(Unknown Source)
	at java.lang.Thread.run(Unknown Source)
... Removed 16 stack frames]]>
    </failure>
  </testcase> <!-- verify_PushNotification -->
  <testcase name="verify_PushNotificationFromExcel" time="8.756" classname="com.supermarket.tests.PushNotificationTest"/>
</testsuite> <!-- smoke -->
