<?xml version="1.0" encoding="UTF-8"?>
<!-- Generated by org.testng.reporters.JUnitXMLReporter -->
<testsuite hostname="kiran-PC" ignored="0" name="verify in firefox" tests="7" failures="0" timestamp="31 Oct 2022 04:10:18 GMT" time="45.014" errors="0">
  <testcase name="@BeforeMethod setUpCrossBrowser" time="44.143" classname="com.supermarket.base.Base">
    <failure type="org.openqa.selenium.SessionNotCreatedException" message="Could not start a new session. Response code 500. Message: Process unexpectedly closed with status 0
Build info: version: &amp;apos;4.3.0&amp;apos;, revision: &amp;apos;a4995e2c09*&amp;apos;
System info: host: &amp;apos;KIRAN-PC&amp;apos;, ip: &amp;apos;192.168.43.158&amp;apos;, os.name: &amp;apos;Windows 10&amp;apos;, os.arch: &amp;apos;amd64&amp;apos;, os.version: &amp;apos;10.0&amp;apos;, java.version: &amp;apos;1.8.0_202&amp;apos;
Driver info: org.openqa.selenium.firefox.FirefoxDriver
Command: [null, newSession {capabilities=[Capabilities {acceptInsecureCerts: true, browserName: firefox, moz:debuggerAddress: true, moz:firefoxOptions: {}}], desiredCapabilities=Capabilities {acceptInsecureCerts: true, browserName: firefox, moz:debuggerAddress: true, moz:firefoxOptions: {}}}]">
      <![CDATA[org.openqa.selenium.SessionNotCreatedException: Could not start a new session. Response code 500. Message: Process unexpectedly closed with status 0
Build info: version: '4.3.0', revision: 'a4995e2c09*'
System info: host: 'KIRAN-PC', ip: '192.168.43.158', os.name: 'Windows 10', os.arch: 'amd64', os.version: '10.0', java.version: '1.8.0_202'
Driver info: org.openqa.selenium.firefox.FirefoxDriver
Command: [null, newSession {capabilities=[Capabilities {acceptInsecureCerts: true, browserName: firefox, moz:debuggerAddress: true, moz:firefoxOptions: {}}], desiredCapabilities=Capabilities {acceptInsecureCerts: true, browserName: firefox, moz:debuggerAddress: true, moz:firefoxOptions: {}}}]
	at org.openqa.selenium.remote.ProtocolHandshake.createSession(ProtocolHandshake.java:144)
	at org.openqa.selenium.remote.ProtocolHandshake.createSession(ProtocolHandshake.java:102)
	at org.openqa.selenium.remote.ProtocolHandshake.createSession(ProtocolHandshake.java:67)
	at org.openqa.selenium.remote.HttpCommandExecutor.execute(HttpCommandExecutor.java:156)
	at org.openqa.selenium.remote.service.DriverCommandExecutor.invokeExecute(DriverCommandExecutor.java:167)
	at org.openqa.selenium.remote.service.DriverCommandExecutor.execute(DriverCommandExecutor.java:142)
	at org.openqa.selenium.remote.RemoteWebDriver.execute(RemoteWebDriver.java:569)
	at org.openqa.selenium.remote.RemoteWebDriver.startSession(RemoteWebDriver.java:264)
	at org.openqa.selenium.remote.RemoteWebDriver.<init>(RemoteWebDriver.java:179)
	at org.openqa.selenium.firefox.FirefoxDriver.<init>(FirefoxDriver.java:110)
	at org.openqa.selenium.firefox.FirefoxDriver.<init>(FirefoxDriver.java:98)
	at org.openqa.selenium.firefox.FirefoxDriver.<init>(FirefoxDriver.java:94)
	at com.supermarket.base.Base.initialize(Base.java:55)
	at com.supermarket.base.Base.setUpCrossBrowser(Base.java:73)
	at java.util.concurrent.FutureTask.run(Unknown Source)
	at java.util.concurrent.ThreadPoolExecutor.runWorker(Unknown Source)
	at java.util.concurrent.ThreadPoolExecutor$Worker.run(Unknown Source)
	at java.lang.Thread.run(Unknown Source)
... Removed 18 stack frames]]>
    </failure>
  </testcase> <!-- @BeforeMethod setUpCrossBrowser -->
  <testcase name="@BeforeMethod setUpCrossBrowser" time="0.0" classname="com.supermarket.base.Base">
    <skipped/>
  </testcase> <!-- @BeforeMethod setUpCrossBrowser -->
  <testcase name="@BeforeMethod setUpCrossBrowser" time="0.0" classname="com.supermarket.base.Base">
    <skipped/>
  </testcase> <!-- @BeforeMethod setUpCrossBrowser -->
  <testcase name="@BeforeMethod setUpCrossBrowser" time="0.0" classname="com.supermarket.base.Base">
    <skipped/>
  </testcase> <!-- @BeforeMethod setUpCrossBrowser -->
  <testcase name="@BeforeMethod setUpCrossBrowser" time="0.0" classname="com.supermarket.base.Base">
    <skipped/>
  </testcase> <!-- @BeforeMethod setUpCrossBrowser -->
  <testcase name="@BeforeMethod setUpCrossBrowser" time="0.0" classname="com.supermarket.base.Base">
    <skipped/>
  </testcase> <!-- @BeforeMethod setUpCrossBrowser -->
  <testcase name="@BeforeMethod setUpCrossBrowser" time="0.0" classname="com.supermarket.base.Base">
    <skipped/>
  </testcase> <!-- @BeforeMethod setUpCrossBrowser -->
  <testcase name="verify_InvalidLogin_AlertMessage" time="0.0" classname="com.supermarket.tests.LoginTest">
    <skipped/>
  </testcase> <!-- verify_InvalidLogin_AlertMessage -->
  <testcase name="verify_Login" time="0.0" classname="com.supermarket.tests.LoginTest">
    <skipped/>
  </testcase> <!-- verify_Login -->
  <testcase name="verify_RememeberMeCheckBox" time="0.0" classname="com.supermarket.tests.LoginTest">
    <skipped/>
  </testcase> <!-- verify_RememeberMeCheckBox -->
  <testcase name="create_PushNotificationDataByDataproviderclass" time="0.0" classname="com.supermarket.tests.PushNotificationTest">
    <skipped/>
  </testcase> <!-- create_PushNotificationDataByDataproviderclass -->
  <testcase name="create_PushNotificationDataByDataproviderclass" time="0.0" classname="com.supermarket.tests.PushNotificationTest">
    <skipped/>
  </testcase> <!-- create_PushNotificationDataByDataproviderclass -->
  <testcase name="verify_ColorOfSendButton" time="0.0" classname="com.supermarket.tests.PushNotificationTest">
    <skipped/>
  </testcase> <!-- verify_ColorOfSendButton -->
  <testcase name="verify_PushNotification" time="0.0" classname="com.supermarket.tests.PushNotificationTest">
    <skipped/>
  </testcase> <!-- verify_PushNotification -->
</testsuite> <!-- verify in firefox -->
