<?xml version="1.0" encoding="UTF-8"?>
<!-- Generated by org.testng.reporters.JUnitXMLReporter -->
<testsuite hostname="kiran-PC" ignored="0" name="Run Module1" tests="15" failures="3" timestamp="14 Nov 2022 05:00:27 GMT" time="437.888" errors="0">
  <testcase name="verify_InvalidLogin_AlertMessage" time="3.061" classname="com.supermarket.tests.LoginTest">
    <failure type="java.lang.AssertionError" message="This testcase failed expected [Alert!] but found [×
Alert!
Invalid Username/Password]">
      <![CDATA[java.lang.AssertionError: This testcase failed expected [Alert!] but found [×
Alert!
Invalid Username/Password]
	at com.supermarket.tests.LoginTest.verify_InvalidLogin_AlertMessage(LoginTest.java:27)
	at java.util.concurrent.FutureTask.run(Unknown Source)
	at java.util.concurrent.ThreadPoolExecutor.runWorker(Unknown Source)
	at java.util.concurrent.ThreadPoolExecutor$Worker.run(Unknown Source)
	at java.lang.Thread.run(Unknown Source)
... Removed 21 stack frames]]>
    </failure>
  </testcase> <!-- verify_InvalidLogin_AlertMessage -->
  <testcase name="verify_Login" time="1.948" classname="com.supermarket.tests.LoginTest"/>
  <testcase name="verify_LogoutFunctionality" time="1.688" classname="com.supermarket.tests.LoginTest"/>
  <testcase name="verify_RememeberMeCheckBox" time="0.151" classname="com.supermarket.tests.LoginTest"/>
  <testcase name="verify_EnterPushNotificationData" time="3.122" classname="com.supermarket.tests.PushNotificationTest"/>
  <testcase name="verify_PushNotificationByDataproviderclass" time="5.972" classname="com.supermarket.tests.PushNotificationTest"/>
  <testcase name="verify_PushNotificationByDataproviderclass" time="4.726" classname="com.supermarket.tests.PushNotificationTest"/>
  <testcase name="verify_PushNotificationByDataproviderclass" time="3.454" classname="com.supermarket.tests.PushNotificationTest"/>
  <testcase name="verify_PushNotificationData" time="21.715" classname="com.supermarket.tests.PushNotificationTest"/>
  <testcase name="verify_AdminUserStatusDeactivation" time="10.95" classname="com.supermarket.tests.AdminUsersTest"/>
  <testcase name="verify_AdminUsersTextAlertMessage" time="17.778" classname="com.supermarket.tests.AdminUsersTest">
    <failure type="org.openqa.selenium.NoSuchElementException" message="no such element: Unable to locate element: {&amp;quot;method&amp;quot;:&amp;quot;xpath&amp;quot;,&amp;quot;selector&amp;quot;:&amp;quot;//div[@class=&amp;apos;alert alert-success alert-dismissible&amp;apos;]&amp;quot;}
  (Session info: chrome=107.0.5304.106)
For documentation on this error, please visit: https://selenium.dev/exceptions/#no_such_element
Build info: version: &amp;apos;4.3.0&amp;apos;, revision: &amp;apos;a4995e2c09*&amp;apos;
System info: host: &amp;apos;KIRAN-PC&amp;apos;, ip: &amp;apos;192.168.1.3&amp;apos;, os.name: &amp;apos;Windows 10&amp;apos;, os.arch: &amp;apos;amd64&amp;apos;, os.version: &amp;apos;10.0&amp;apos;, java.version: &amp;apos;1.8.0_202&amp;apos;
Driver info: org.openqa.selenium.chrome.ChromeDriver
Command: [8b4216390085b477969b618fa5b89cc3, findElement {using=xpath, value=//div[@class=&amp;apos;alert alert-success alert-dismissible&amp;apos;]}]
Capabilities {acceptInsecureCerts: false, browserName: chrome, browserVersion: 107.0.5304.106, chrome: {chromedriverVersion: 107.0.5304.62 (1eec40d3a576..., userDataDir: C:\Users\kiran\AppData\Loca...}, goog:chromeOptions: {debuggerAddress: localhost:61716}, networkConnectionEnabled: false, pageLoadStrategy: normal, platformName: WINDOWS, proxy: Proxy(), se:cdp: ws://localhost:61716/devtoo..., se:cdpVersion: 107.0.5304.106, setWindowRect: true, strictFileInteractability: false, timeouts: {implicit: 0, pageLoad: 300000, script: 30000}, unhandledPromptBehavior: dismiss and notify, webauthn:extension:credBlob: true, webauthn:extension:largeBlob: true, webauthn:virtualAuthenticators: true}
Session ID: 8b4216390085b477969b618fa5b89cc3">
      <![CDATA[org.openqa.selenium.NoSuchElementException: no such element: Unable to locate element: {"method":"xpath","selector":"//div[@class='alert alert-success alert-dismissible']"}
  (Session info: chrome=107.0.5304.106)
For documentation on this error, please visit: https://selenium.dev/exceptions/#no_such_element
Build info: version: '4.3.0', revision: 'a4995e2c09*'
System info: host: 'KIRAN-PC', ip: '192.168.1.3', os.name: 'Windows 10', os.arch: 'amd64', os.version: '10.0', java.version: '1.8.0_202'
Driver info: org.openqa.selenium.chrome.ChromeDriver
Command: [8b4216390085b477969b618fa5b89cc3, findElement {using=xpath, value=//div[@class='alert alert-success alert-dismissible']}]
Capabilities {acceptInsecureCerts: false, browserName: chrome, browserVersion: 107.0.5304.106, chrome: {chromedriverVersion: 107.0.5304.62 (1eec40d3a576..., userDataDir: C:\Users\kiran\AppData\Loca...}, goog:chromeOptions: {debuggerAddress: localhost:61716}, networkConnectionEnabled: false, pageLoadStrategy: normal, platformName: WINDOWS, proxy: Proxy(), se:cdp: ws://localhost:61716/devtoo..., se:cdpVersion: 107.0.5304.106, setWindowRect: true, strictFileInteractability: false, timeouts: {implicit: 0, pageLoad: 300000, script: 30000}, unhandledPromptBehavior: dismiss and notify, webauthn:extension:credBlob: true, webauthn:extension:largeBlob: true, webauthn:virtualAuthenticators: true}
Session ID: 8b4216390085b477969b618fa5b89cc3
	at org.openqa.selenium.remote.codec.w3c.W3CHttpResponseCodec.createException(W3CHttpResponseCodec.java:200)
	at org.openqa.selenium.remote.codec.w3c.W3CHttpResponseCodec.decode(W3CHttpResponseCodec.java:133)
	at org.openqa.selenium.remote.codec.w3c.W3CHttpResponseCodec.decode(W3CHttpResponseCodec.java:53)
	at org.openqa.selenium.remote.HttpCommandExecutor.execute(HttpCommandExecutor.java:184)
	at org.openqa.selenium.remote.service.DriverCommandExecutor.invokeExecute(DriverCommandExecutor.java:167)
	at org.openqa.selenium.remote.service.DriverCommandExecutor.execute(DriverCommandExecutor.java:142)
	at org.openqa.selenium.remote.RemoteWebDriver.execute(RemoteWebDriver.java:569)
	at org.openqa.selenium.remote.ElementLocation$ElementFinder$2.findElement(ElementLocation.java:162)
	at org.openqa.selenium.remote.ElementLocation.findElement(ElementLocation.java:60)
	at org.openqa.selenium.remote.RemoteWebDriver.findElement(RemoteWebDriver.java:387)
	at org.openqa.selenium.remote.RemoteWebDriver.findElement(RemoteWebDriver.java:379)
	at org.openqa.selenium.support.pagefactory.DefaultElementLocator.findElement(DefaultElementLocator.java:70)
	at org.openqa.selenium.support.pagefactory.internal.LocatingElementHandler.invoke(LocatingElementHandler.java:39)
	at com.sun.proxy.$Proxy16.getText(Unknown Source)
	at com.supermarket.utilities.GeneralUtility.get_Text(GeneralUtility.java:32)
	at com.supermarket.pages.AdminUsersPage.get_AlertMessageNotification(AdminUsersPage.java:78)
	at com.supermarket.tests.AdminUsersTest.verify_AdminUsersTextAlertMessage(AdminUsersTest.java:72)
	at java.util.concurrent.FutureTask.run(Unknown Source)
	at java.util.concurrent.ThreadPoolExecutor.runWorker(Unknown Source)
	at java.util.concurrent.ThreadPoolExecutor$Worker.run(Unknown Source)
	at java.lang.Thread.run(Unknown Source)
... Removed 20 stack frames]]>
    </failure>
  </testcase> <!-- verify_AdminUsersTextAlertMessage -->
  <testcase name="verify_CreateAdminUserData_LogOutLogIn" time="5.704" classname="com.supermarket.tests.AdminUsersTest">
    <failure type="org.openqa.selenium.StaleElementReferenceException" message="stale element reference: element is not attached to the page document
  (Session info: chrome=107.0.5304.106)
For documentation on this error, please visit: https://selenium.dev/exceptions/#stale_element_reference
Build info: version: &amp;apos;4.3.0&amp;apos;, revision: &amp;apos;a4995e2c09*&amp;apos;
System info: host: &amp;apos;KIRAN-PC&amp;apos;, ip: &amp;apos;192.168.1.3&amp;apos;, os.name: &amp;apos;Windows 10&amp;apos;, os.arch: &amp;apos;amd64&amp;apos;, os.version: &amp;apos;10.0&amp;apos;, java.version: &amp;apos;1.8.0_202&amp;apos;
Driver info: org.openqa.selenium.chrome.ChromeDriver
Command: [7899910fc12b203512ae4751b14e44d1, sendKeysToElement {id=0a259cbb-c924-409a-8c05-20f61e3628b7, value=[Ljava.lang.CharSequence;@4b77b800}]
Capabilities {acceptInsecureCerts: false, browserName: chrome, browserVersion: 107.0.5304.106, chrome: {chromedriverVersion: 107.0.5304.62 (1eec40d3a576..., userDataDir: C:\Users\kiran\AppData\Loca...}, goog:chromeOptions: {debuggerAddress: localhost:61825}, networkConnectionEnabled: false, pageLoadStrategy: normal, platformName: WINDOWS, proxy: Proxy(), se:cdp: ws://localhost:61825/devtoo..., se:cdpVersion: 107.0.5304.106, setWindowRect: true, strictFileInteractability: false, timeouts: {implicit: 0, pageLoad: 300000, script: 30000}, unhandledPromptBehavior: dismiss and notify, webauthn:extension:credBlob: true, webauthn:extension:largeBlob: true, webauthn:virtualAuthenticators: true}
Element: [[ChromeDriver: chrome on WINDOWS (7899910fc12b203512ae4751b14e44d1)] -&amp;gt; xpath: //input[@name=&amp;apos;username&amp;apos;]]
Session ID: 7899910fc12b203512ae4751b14e44d1">
      <![CDATA[org.openqa.selenium.StaleElementReferenceException: stale element reference: element is not attached to the page document
  (Session info: chrome=107.0.5304.106)
For documentation on this error, please visit: https://selenium.dev/exceptions/#stale_element_reference
Build info: version: '4.3.0', revision: 'a4995e2c09*'
System info: host: 'KIRAN-PC', ip: '192.168.1.3', os.name: 'Windows 10', os.arch: 'amd64', os.version: '10.0', java.version: '1.8.0_202'
Driver info: org.openqa.selenium.chrome.ChromeDriver
Command: [7899910fc12b203512ae4751b14e44d1, sendKeysToElement {id=0a259cbb-c924-409a-8c05-20f61e3628b7, value=[Ljava.lang.CharSequence;@4b77b800}]
Capabilities {acceptInsecureCerts: false, browserName: chrome, browserVersion: 107.0.5304.106, chrome: {chromedriverVersion: 107.0.5304.62 (1eec40d3a576..., userDataDir: C:\Users\kiran\AppData\Loca...}, goog:chromeOptions: {debuggerAddress: localhost:61825}, networkConnectionEnabled: false, pageLoadStrategy: normal, platformName: WINDOWS, proxy: Proxy(), se:cdp: ws://localhost:61825/devtoo..., se:cdpVersion: 107.0.5304.106, setWindowRect: true, strictFileInteractability: false, timeouts: {implicit: 0, pageLoad: 300000, script: 30000}, unhandledPromptBehavior: dismiss and notify, webauthn:extension:credBlob: true, webauthn:extension:largeBlob: true, webauthn:virtualAuthenticators: true}
Element: [[ChromeDriver: chrome on WINDOWS (7899910fc12b203512ae4751b14e44d1)] -> xpath: //input[@name='username']]
Session ID: 7899910fc12b203512ae4751b14e44d1
	at org.openqa.selenium.remote.codec.w3c.W3CHttpResponseCodec.createException(W3CHttpResponseCodec.java:200)
	at org.openqa.selenium.remote.codec.w3c.W3CHttpResponseCodec.decode(W3CHttpResponseCodec.java:133)
	at org.openqa.selenium.remote.codec.w3c.W3CHttpResponseCodec.decode(W3CHttpResponseCodec.java:53)
	at org.openqa.selenium.remote.HttpCommandExecutor.execute(HttpCommandExecutor.java:184)
	at org.openqa.selenium.remote.service.DriverCommandExecutor.invokeExecute(DriverCommandExecutor.java:167)
	at org.openqa.selenium.remote.service.DriverCommandExecutor.execute(DriverCommandExecutor.java:142)
	at org.openqa.selenium.remote.RemoteWebDriver.execute(RemoteWebDriver.java:569)
	at org.openqa.selenium.remote.RemoteWebElement.execute(RemoteWebElement.java:257)
	at org.openqa.selenium.remote.RemoteWebElement.sendKeys(RemoteWebElement.java:113)
	at org.openqa.selenium.support.pagefactory.internal.LocatingElementHandler.invoke(LocatingElementHandler.java:52)
	at com.sun.proxy.$Proxy16.sendKeys(Unknown Source)
	at com.supermarket.pages.LoginPage.enterUserName(LoginPage.java:46)
	at com.supermarket.pages.LoginPage.login(LoginPage.java:55)
	at com.supermarket.tests.AdminUsersTest.verify_CreateAdminUserData_LogOutLogIn(AdminUsersTest.java:59)
	at java.util.concurrent.FutureTask.run(Unknown Source)
	at java.util.concurrent.ThreadPoolExecutor.runWorker(Unknown Source)
	at java.util.concurrent.ThreadPoolExecutor$Worker.run(Unknown Source)
	at java.lang.Thread.run(Unknown Source)
... Removed 23 stack frames]]>
    </failure>
  </testcase> <!-- verify_CreateAdminUserData_LogOutLogIn -->
  <testcase name="verify_CreateNewAdminUsers" time="4.692" classname="com.supermarket.tests.AdminUsersTest"/>
  <testcase name="verify_OrderedDetailsViewList" time="5.741" classname="com.supermarket.tests.ManageOrderTest"/>
  <testcase name="verify_UpdateFunctionalityOfDeliveryBoy" time="5.758" classname="com.supermarket.tests.ManageOrderTest"/>
</testsuite> <!-- Run Module1 -->
